<?xml version="1.0" encoding="UTF-8"?>
<!-- Generated by org.testng.reporters.JUnitReportReporter -->
<testsuite hostname="LAPTOP-775IOON6" failures="0" tests="1" name="testcases.Base" time="0.010" errors="0" timestamp="20 Aug 2023 14:52:38 GMT" skipped="0">
  <testcase classname="testcases.Base" name="TestCase01" time="0.010"/>
</testsuite> <!-- testcases.Base -->
